<?xml version="1.0" encoding="UTF-8"?>
<!-- Generated by org.testng.reporters.JUnitXMLReporter -->
<testsuite ignored="4" hostname="DESKTOP-PKTOR69" failures="1" tests="5" name="Test" time="27.266" errors="0" timestamp="2024-04-23T11:41:58 IST">
  <testcase classname="GetBooking" name="getBookingIDs" time="4.264">
    <failure type="java.lang.AssertionError" message="expected [Mary] but found [Sally]">
      <![CDATA[java.lang.AssertionError: expected [Mary] but found [Sally]
at GetBooking.getBookingIDs(GetBooking.java:57)
... Removed 34 stack frames]]>
    </failure>
  </testcase> <!-- getBookingIDs -->
  <testcase classname="CreateBooking" name="createNewBooking" time="2.652"/>
  <testcase classname="UpdateBooking" name="updateBooking" time="6.835"/>
  <testcase classname="PartialUpdateBooking" name="updateBooking" time="5.724"/>
  <testcase classname="DeleteBooking" name="getBookingIDs" time="5.515"/>
  <testcase classname="utility.BaseTest" name="@BeforeSuite setBaseURI" time="0.0">
    <ignored/>
  </testcase> <!-- @BeforeSuite setBaseURI -->
  <testcase classname="utility.BaseTest" name="@BeforeSuite setBaseURI" time="0.0">
    <ignored/>
  </testcase> <!-- @BeforeSuite setBaseURI -->
  <testcase classname="utility.BaseTest" name="@BeforeSuite setBaseURI" time="0.0">
    <ignored/>
  </testcase> <!-- @BeforeSuite setBaseURI -->
  <testcase classname="utility.BaseTest" name="@BeforeSuite setBaseURI" time="0.0">
    <ignored/>
  </testcase> <!-- @BeforeSuite setBaseURI -->
</testsuite> <!-- Test -->
