<?xml version="1.0" encoding="UTF-8"?>
<testng-results ignored="4" total="9" passed="4" failed="1" skipped="0">
  <reporter-output>
  </reporter-output>
  <suite started-at="2024-04-23T11:41:30 IST" name="Suite" finished-at="2024-04-23T11:41:58 IST" duration-ms="27266">
    <groups>
    </groups>
    <test started-at="2024-04-23T11:41:30 IST" name="Test" finished-at="2024-04-23T11:41:58 IST" duration-ms="27266">
      <class name="PartialUpdateBooking">
        <test-method is-config="true" signature="beforeMethod()[pri:0, instance:PartialUpdateBooking@53cdecf6]" started-at="2024-04-23T11:41:46 IST" name="beforeMethod" finished-at="2024-04-23T11:41:46 IST" duration-ms="2" status="PASS">
          <reporter-output>
          </reporter-output>
        </test-method> <!-- beforeMethod -->
        <test-method signature="updateBooking()[pri:0, instance:PartialUpdateBooking@53cdecf6]" started-at="2024-04-23T11:41:46 IST" name="updateBooking" description="To update the details of the booking IDs" finished-at="2024-04-23T11:41:52 IST" duration-ms="5724" status="PASS">
          <reporter-output>
          </reporter-output>
        </test-method> <!-- updateBooking -->
      </class> <!-- PartialUpdateBooking -->
      <class name="GetBooking">
        <test-method is-config="true" signature="setBaseURI()[pri:0, instance:GetBooking@232024b9]" started-at="2024-04-23T11:41:29 IST" name="setBaseURI" finished-at="2024-04-23T11:41:30 IST" duration-ms="1416" status="PASS">
          <reporter-output>
          </reporter-output>
        </test-method> <!-- setBaseURI -->
        <test-method is-config="true" signature="beforeMethod()[pri:0, instance:GetBooking@232024b9]" started-at="2024-04-23T11:41:32 IST" name="beforeMethod" finished-at="2024-04-23T11:41:32 IST" duration-ms="139" status="PASS">
          <reporter-output>
          </reporter-output>
        </test-method> <!-- beforeMethod -->
        <test-method signature="getBookingIDs(java.lang.String, java.lang.String, java.lang.String, java.lang.String, java.lang.String, java.lang.String, java.lang.String, java.lang.String, java.lang.String)[pri:0, instance:GetBooking@232024b9]" started-at="2024-04-23T11:41:32 IST" name="getBookingIDs" description="To retrieve the details of the booking IDs" data-provider="DataFromExcel" finished-at="2024-04-23T11:41:37 IST" duration-ms="4264" status="FAIL">
          <params>
            <param index="0">
              <value>
                <![CDATA[1]]>
              </value>
            </param>
            <param index="1">
              <value>
                <![CDATA[Mary]]>
              </value>
            </param>
            <param index="2">
              <value>
                <![CDATA[Jones]]>
              </value>
            </param>
            <param index="3">
              <value>
                <![CDATA[243]]>
              </value>
            </param>
            <param index="4">
              <value>
                <![CDATA[false]]>
              </value>
            </param>
            <param index="5">
              <value>
                <![CDATA[2017-04-16]]>
              </value>
            </param>
            <param index="6">
              <value>
                <![CDATA[2018-02-03]]>
              </value>
            </param>
            <param index="7">
              <value>
                <![CDATA[]]>
              </value>
            </param>
            <param index="8">
              <value is-null="true"/>
            </param>
          </params>
          <exception class="java.lang.AssertionError">
            <message>
              <![CDATA[expected [Mary] but found [Sally]]]>
            </message>
            <full-stacktrace>
              <![CDATA[java.lang.AssertionError: expected [Mary] but found [Sally]
at org.testng.Assert.fail(Assert.java:97)
at org.testng.Assert.assertEqualsImpl(Assert.java:136)
at org.testng.Assert.assertEquals(Assert.java:118)
at org.testng.Assert.assertEquals(Assert.java:575)
at org.testng.Assert.assertEquals(Assert.java:585)
at GetBooking.getBookingIDs(GetBooking.java:57)
at java.base/jdk.internal.reflect.DirectMethodHandleAccessor.invoke(DirectMethodHandleAccessor.java:103)
at java.base/java.lang.reflect.Method.invoke(Method.java:580)
at org.testng.internal.MethodInvocationHelper.invokeMethod(MethodInvocationHelper.java:131)
at org.testng.internal.TestInvoker.invokeMethod(TestInvoker.java:570)
at org.testng.internal.TestInvoker.invokeTestMethod(TestInvoker.java:170)
at org.testng.internal.MethodRunner.runInSequence(MethodRunner.java:46)
at org.testng.internal.TestInvoker$MethodInvocationAgent.invoke(TestInvoker.java:790)
at org.testng.internal.TestInvoker.invokeTestMethods(TestInvoker.java:143)
at org.testng.internal.TestMethodWorker.invokeTestMethods(TestMethodWorker.java:146)
at org.testng.internal.TestMethodWorker.run(TestMethodWorker.java:128)
at org.testng.TestRunner.privateRun(TestRunner.java:763)
at org.testng.TestRunner.run(TestRunner.java:594)
at org.testng.SuiteRunner.runTest(SuiteRunner.java:398)
at org.testng.SuiteRunner.runSequentially(SuiteRunner.java:392)
at org.testng.SuiteRunner.privateRun(SuiteRunner.java:355)
at org.testng.SuiteRunner.run(SuiteRunner.java:304)
at org.testng.SuiteRunnerWorker.runSuite(SuiteRunnerWorker.java:53)
at org.testng.SuiteRunnerWorker.run(SuiteRunnerWorker.java:96)
at org.testng.TestNG.runSuitesSequentially(TestNG.java:1146)
at org.testng.TestNG.runSuitesLocally(TestNG.java:1067)
at org.testng.TestNG.runSuites(TestNG.java:997)
at org.testng.TestNG.run(TestNG.java:965)
at org.apache.maven.surefire.testng.TestNGExecutor.run(TestNGExecutor.java:283)
at org.apache.maven.surefire.testng.TestNGXmlTestSuite.execute(TestNGXmlTestSuite.java:75)
at org.apache.maven.surefire.testng.TestNGProvider.invoke(TestNGProvider.java:120)
at org.apache.maven.surefire.booter.ForkedBooter.invokeProviderInSameClassLoader(ForkedBooter.java:384)
at org.apache.maven.surefire.booter.ForkedBooter.runSuitesInProcess(ForkedBooter.java:345)
at org.apache.maven.surefire.booter.ForkedBooter.execute(ForkedBooter.java:126)
at org.apache.maven.surefire.booter.ForkedBooter.main(ForkedBooter.java:418)
]]>
            </full-stacktrace>
          </exception> <!-- java.lang.AssertionError -->
          <reporter-output>
          </reporter-output>
        </test-method> <!-- getBookingIDs -->
      </class> <!-- GetBooking -->
      <class name="DeleteBooking">
        <test-method is-config="true" signature="beforeMethod()[pri:0, instance:DeleteBooking@71ea1fda]" started-at="2024-04-23T11:41:52 IST" name="beforeMethod" finished-at="2024-04-23T11:41:52 IST" duration-ms="1" status="PASS">
          <reporter-output>
          </reporter-output>
        </test-method> <!-- beforeMethod -->
        <test-method signature="getBookingIDs()[pri:0, instance:DeleteBooking@71ea1fda]" started-at="2024-04-23T11:41:52 IST" name="getBookingIDs" description="To delete the details of the booking IDs" finished-at="2024-04-23T11:41:58 IST" duration-ms="5515" status="PASS">
          <reporter-output>
          </reporter-output>
        </test-method> <!-- getBookingIDs -->
      </class> <!-- DeleteBooking -->
      <class name="CreateBooking">
        <test-method is-config="true" signature="beforeMethod()[pri:0, instance:CreateBooking@55a8dc49]" started-at="2024-04-23T11:41:37 IST" name="beforeMethod" finished-at="2024-04-23T11:41:37 IST" duration-ms="0" status="PASS">
          <reporter-output>
          </reporter-output>
        </test-method> <!-- beforeMethod -->
        <test-method signature="createNewBooking(java.lang.String, java.lang.String, java.lang.String, java.lang.String, java.lang.String, java.lang.String, java.lang.String, java.lang.String)[pri:0, instance:CreateBooking@55a8dc49]" started-at="2024-04-23T11:41:37 IST" name="createNewBooking" description="To retrieve the details of the booking IDs" data-provider="DataFromExcel" finished-at="2024-04-23T11:41:40 IST" duration-ms="2652" status="PASS">
          <params>
            <param index="0">
              <value>
                <![CDATA[Jimmy]]>
              </value>
            </param>
            <param index="1">
              <value>
                <![CDATA[Browny]]>
              </value>
            </param>
            <param index="2">
              <value>
                <![CDATA[112]]>
              </value>
            </param>
            <param index="3">
              <value>
                <![CDATA[true]]>
              </value>
            </param>
            <param index="4">
              <value>
                <![CDATA[2017-01-02]]>
              </value>
            </param>
            <param index="5">
              <value>
                <![CDATA[2017-01-30]]>
              </value>
            </param>
            <param index="6">
              <value>
                <![CDATA[Lunch]]>
              </value>
            </param>
            <param index="7">
              <value is-null="true"/>
            </param>
          </params>
          <reporter-output>
          </reporter-output>
        </test-method> <!-- createNewBooking -->
      </class> <!-- CreateBooking -->
      <class name="UpdateBooking">
        <test-method is-config="true" signature="beforeMethod()[pri:0, instance:UpdateBooking@2a415aa9]" started-at="2024-04-23T11:41:40 IST" name="beforeMethod" finished-at="2024-04-23T11:41:40 IST" duration-ms="1" status="PASS">
          <reporter-output>
          </reporter-output>
        </test-method> <!-- beforeMethod -->
        <test-method signature="updateBooking()[pri:0, instance:UpdateBooking@2a415aa9]" started-at="2024-04-23T11:41:40 IST" name="updateBooking" description="To update the details of the booking IDs" finished-at="2024-04-23T11:41:46 IST" duration-ms="6835" status="PASS">
          <reporter-output>
          </reporter-output>
        </test-method> <!-- updateBooking -->
      </class> <!-- UpdateBooking -->
    </test> <!-- Test -->
  </suite> <!-- Suite -->
</testng-results>
