-------------------------------------------------------------------------------
Test set: TestSuite
-------------------------------------------------------------------------------
Tests run: 5, Failures: 1, Errors: 0, Skipped: 0, Time elapsed: 30.744 s <<< FAILURE! - in TestSuite
getBookingIDs(GetBooking)  Time elapsed: 4.237 s  <<< FAILURE!
java.lang.AssertionError: expected [Mary] but found [Sally]
	at GetBooking.getBookingIDs(GetBooking.java:57)

